<?xml version="1.0" encoding="UTF-8"?>
<!-- Generated by org.testng.reporters.JUnitXMLReporter -->
<testsuite ignored="0" hostname="PE-HO-014" failures="1" tests="4" name="Test" time="114.443" errors="0" timestamp="2022-10-07T16:30:36 COT">
  <testcase classname="Run.Run" name="calculadora" time="37.93">
    <failure type="java.lang.AssertionError" message="expected:&amp;lt;By.xpath: //android.widget.TextView[@text=&amp;apos;9&amp;apos;]&amp;gt; but was:&amp;lt;9&amp;gt;">
      <![CDATA[java.lang.AssertionError: expected:<By.xpath: //android.widget.TextView[@text='9']> but was:<9>
at org.junit.Assert.fail(Assert.java:89)
at org.junit.Assert.failNotEquals(Assert.java:835)
at org.junit.Assert.assertEquals(Assert.java:120)
at org.junit.Assert.assertEquals(Assert.java:146)
at PagsObjets.PagsObjetCalculadora.operaciones(PagsObjetCalculadora.java:42)
at Run.Run.calculadora(Run.java:128)
at java.base/java.util.ArrayList.forEach(ArrayList.java:1511)
... Removed 27 stack frames]]>
    </failure>
  </testcase> <!-- calculadora -->
  <testcase classname="Run.Run" name="test" time="25.611"/>
  <testcase classname="Run.Run" name="Tool" time="23.779"/>
  <testcase classname="Run.Run" name="Widget" time="24.46"/>
</testsuite> <!-- Test -->
